Using pre-set license
Built from '2020.3/staging' branch; Version is '2020.3.0f1 (c7b5465681fb) revision 13088070'; Using compiler version '192528614'; Build Type 'Release'
OS: 'Windows 10 Home China; OS build 19042.928; Version 2009; 64bit' Language: 'zh' Physical Memory: 16250 MB
BatchMode: 1, IsHumanControllingUs: 0, StartBugReporterOnCrash: 0, Is64bit: 1, IsPro: 0

 COMMAND LINE ARGUMENTS:
C:\Program Files\Unity\2020.3.0f1\Editor\Unity.exe
-adb2
-batchMode
-noUpm
-name
AssetImportWorker0
-projectPath
D:/A-Learning/Project-Lab/My game/My Game
-logFile
Logs/AssetImportWorker0.log
-srvPort
58031
Successfully changed project path to: D:/A-Learning/Project-Lab/My game/My Game
D:/A-Learning/Project-Lab/My game/My Game
Using Asset Import Pipeline V2.
Refreshing native plugins compatible for Editor in 33.77 ms, found 0 plugins.
Preloading 0 native plugins for Editor in 0.00 ms.
Initialize engine version: 2020.3.0f1 (c7b5465681fb)
[Subsystems] Discovering subsystems at path C:/Program Files/Unity/2020.3.0f1/Editor/Data/Resources/UnitySubsystems
[Subsystems] Discovering subsystems at path D:/A-Learning/Project-Lab/My game/My Game/Assets
GfxDevice: creating device client; threaded=0
Direct3D:
    Version:  Direct3D 11.0 [level 11.1]
    Renderer: NVIDIA GeForce GTX 1050 Ti (ID=0x1c8c)
    Vendor:   
    VRAM:     4018 MB
    Driver:   27.21.14.5771
Initialize mono
Mono path[0] = 'C:/Program Files/Unity/2020.3.0f1/Editor/Data/Managed'
Mono path[1] = 'C:/Program Files/Unity/2020.3.0f1/Editor/Data/MonoBleedingEdge/lib/mono/unityjit'
Mono config path = 'C:/Program Files/Unity/2020.3.0f1/Editor/Data/MonoBleedingEdge/etc'
Using monoOptions --debugger-agent=transport=dt_socket,embedding=1,server=y,suspend=n,address=127.0.0.1:56836
Begin MonoManager ReloadAssembly
Registering precompiled unity dll's ...
Register platform support module: C:/Program Files/Unity/2020.3.0f1/Editor/Data/PlaybackEngines/WebGLSupport/UnityEditor.WebGL.Extensions.dll
Register platform support module: C:/Program Files/Unity/2020.3.0f1/Editor/Data/PlaybackEngines/WindowsStandaloneSupport/UnityEditor.WindowsStandalone.Extensions.dll
Registered in 0.003173 seconds.
Native extension for WindowsStandalone target not found
Native extension for WebGL target not found
Refreshing native plugins compatible for Editor in 35.06 ms, found 0 plugins.
Preloading 0 native plugins for Editor in 0.00 ms.
Invoked RoslynAnalysisRunner static constructor.
RoslynAnalysisRunner will not be running.
RoslynAnalysisRunner has terminated.
Mono: successfully reloaded assembly
- Completed reload, in  1.503 seconds
Platform modules already initialized, skipping
Registering precompiled user dll's ...
Registered in 0.000967 seconds.
Begin MonoManager ReloadAssembly
Native extension for WindowsStandalone target not found
Native extension for WebGL target not found
Refreshing native plugins compatible for Editor in 0.29 ms, found 0 plugins.
Preloading 0 native plugins for Editor in 0.00 ms.
Invoked RoslynAnalysisRunner static constructor.
RoslynAnalysisRunner will not be running.
RoslynAnalysisRunner has terminated.
Mono: successfully reloaded assembly
- Completed reload, in  1.295 seconds
Platform modules already initialized, skipping
========================================================================
Worker process is ready to serve import requests
Launched and connected shader compiler UnityShaderCompiler.exe after 0.05 seconds
Refreshing native plugins compatible for Editor in 0.30 ms, found 0 plugins.
Preloading 0 native plugins for Editor in 0.00 ms.
Unloading 1210 Unused Serialized files (Serialized files now loaded: 0)
System memory in use before: 84.2 MB.
System memory in use after: 84.2 MB.

Unloading 11 unused Assets to reduce memory usage. Loaded Objects now: 1682.
Total: 2.458000 ms (FindLiveObjects: 0.350500 ms CreateObjectMapping: 0.101500 ms MarkObjects: 1.824100 ms  DeleteObjects: 0.180900 ms)

========================================================================
Received Import Request.
  path: Assets/Reset.cs
  artifactKey: Guid(aed7329a03f845141bf99a3b1eb98361) Importer(815301076,1909f56bfc062723c751e8b465ee728b)
Start importing Assets/Reset.cs using Guid(aed7329a03f845141bf99a3b1eb98361) Importer(815301076,1909f56bfc062723c751e8b465ee728b)  -> (artifact id: 'b9932fa926de805f94741430f187b4f9') in 0.040424 seconds
  Import took 0.042864 seconds .

========================================================================
Received Prepare
Refreshing native plugins compatible for Editor in 0.99 ms, found 0 plugins.
Preloading 0 native plugins for Editor in 0.00 ms.
Unloading 4 Unused Serialized files (Serialized files now loaded: 0)
System memory in use before: 56.2 MB.
System memory in use after: 56.2 MB.

Unloading 4 unused Assets to reduce memory usage. Loaded Objects now: 1682.
Total: 1.781300 ms (FindLiveObjects: 0.147400 ms CreateObjectMapping: 0.040600 ms MarkObjects: 1.435300 ms  DeleteObjects: 0.156900 ms)

========================================================================
Received Prepare
Registering precompiled user dll's ...
Registered in 0.001383 seconds.
Begin MonoManager ReloadAssembly
Native extension for WindowsStandalone target not found
Native extension for WebGL target not found
Refreshing native plugins compatible for Editor in 0.28 ms, found 0 plugins.
Preloading 0 native plugins for Editor in 0.00 ms.
Invoked RoslynAnalysisRunner static constructor.
RoslynAnalysisRunner will not be running.
RoslynAnalysisRunner has terminated.
Mono: successfully reloaded assembly
- Completed reload, in  0.962 seconds
Platform modules already initialized, skipping
Refreshing native plugins compatible for Editor in 0.51 ms, found 0 plugins.
Preloading 0 native plugins for Editor in 0.00 ms.
Unloading 1137 Unused Serialized files (Serialized files now loaded: 0)
System memory in use before: 78.8 MB.
System memory in use after: 78.8 MB.

Unloading 6 unused Assets to reduce memory usage. Loaded Objects now: 1685.
Total: 2.060800 ms (FindLiveObjects: 0.207600 ms CreateObjectMapping: 0.050100 ms MarkObjects: 1.636400 ms  DeleteObjects: 0.165700 ms)

========================================================================
Received Import Request.
  Time since last request: 184.863487 seconds.
  path: Assets/TimerScript.cs
  artifactKey: Guid(4d15311efe9bdf447b3cf5843777ce2a) Importer(815301076,1909f56bfc062723c751e8b465ee728b)
Start importing Assets/TimerScript.cs using Guid(4d15311efe9bdf447b3cf5843777ce2a) Importer(815301076,1909f56bfc062723c751e8b465ee728b)  -> (artifact id: 'b69d6b5a6238ba7c45647893def5304e') in 0.010933 seconds
  Import took 0.013417 seconds .

========================================================================
Received Prepare
Registering precompiled user dll's ...
Registered in 0.000941 seconds.
Begin MonoManager ReloadAssembly
Native extension for WindowsStandalone target not found
Native extension for WebGL target not found
Refreshing native plugins compatible for Editor in 0.30 ms, found 0 plugins.
Preloading 0 native plugins for Editor in 0.00 ms.
Invoked RoslynAnalysisRunner static constructor.
RoslynAnalysisRunner will not be running.
RoslynAnalysisRunner has terminated.
Mono: successfully reloaded assembly
- Completed reload, in  0.953 seconds
Platform modules already initialized, skipping
Refreshing native plugins compatible for Editor in 0.31 ms, found 0 plugins.
Preloading 0 native plugins for Editor in 0.00 ms.
Unloading 1137 Unused Serialized files (Serialized files now loaded: 0)
System memory in use before: 78.9 MB.
System memory in use after: 78.9 MB.

Unloading 6 unused Assets to reduce memory usage. Loaded Objects now: 1688.
Total: 2.046400 ms (FindLiveObjects: 0.150200 ms CreateObjectMapping: 0.038100 ms MarkObjects: 1.702900 ms  DeleteObjects: 0.154200 ms)

========================================================================
Received Prepare
Registering precompiled user dll's ...
Registered in 0.000941 seconds.
Begin MonoManager ReloadAssembly
Native extension for WindowsStandalone target not found
Native extension for WebGL target not found
Refreshing native plugins compatible for Editor in 0.36 ms, found 0 plugins.
Preloading 0 native plugins for Editor in 0.00 ms.
Invoked RoslynAnalysisRunner static constructor.
RoslynAnalysisRunner will not be running.
RoslynAnalysisRunner has terminated.
Mono: successfully reloaded assembly
- Completed reload, in  0.887 seconds
Platform modules already initialized, skipping
Refreshing native plugins compatible for Editor in 0.48 ms, found 0 plugins.
Preloading 0 native plugins for Editor in 0.00 ms.
Unloading 1137 Unused Serialized files (Serialized files now loaded: 0)
System memory in use before: 78.9 MB.
System memory in use after: 78.9 MB.

Unloading 6 unused Assets to reduce memory usage. Loaded Objects now: 1691.
Total: 2.586200 ms (FindLiveObjects: 0.299000 ms CreateObjectMapping: 0.067700 ms MarkObjects: 2.068600 ms  DeleteObjects: 0.148600 ms)

========================================================================
Received Import Request.
  Time since last request: 565.053194 seconds.
  path: Assets/Texture/grayrock.jpg
  artifactKey: Guid(d9f670784eccf2e44a2fce41479569c1) Importer(815301076,1909f56bfc062723c751e8b465ee728b)
Start importing Assets/Texture/grayrock.jpg using Guid(d9f670784eccf2e44a2fce41479569c1) Importer(815301076,1909f56bfc062723c751e8b465ee728b)  -> (artifact id: '230485287eaf8eb6ef3358b675e6927a') in 0.116625 seconds
  Import took 0.119167 seconds .

========================================================================
Received Import Request.
  Time since last request: 0.000257 seconds.
  path: Assets/Texture/rockwall.jpg
  artifactKey: Guid(13a6765bfa8b2e94093e47d0fc787986) Importer(815301076,1909f56bfc062723c751e8b465ee728b)
Start importing Assets/Texture/rockwall.jpg using Guid(13a6765bfa8b2e94093e47d0fc787986) Importer(815301076,1909f56bfc062723c751e8b465ee728b)  -> (artifact id: '7a6688254cc53ad11ededbeecd7659a6') in 0.016636 seconds
  Import took 0.018902 seconds .

========================================================================
Received Import Request.
  Time since last request: 0.000302 seconds.
  path: Assets/Texture/roughrock.jpg
  artifactKey: Guid(37dbade313c363146826ffbf6c014b6c) Importer(815301076,1909f56bfc062723c751e8b465ee728b)
Start importing Assets/Texture/roughrock.jpg using Guid(37dbade313c363146826ffbf6c014b6c) Importer(815301076,1909f56bfc062723c751e8b465ee728b)  -> (artifact id: '3743a93317aa5005d653ea4920992f10') in 0.027640 seconds
  Import took 0.030028 seconds .

========================================================================
Received Import Request.
  Time since last request: 0.000549 seconds.
  path: Assets/Texture/roughrock.jpg
  artifactKey: Guid(37dbade313c363146826ffbf6c014b6c) Importer(815301076,1909f56bfc062723c751e8b465ee728b)
Start importing Assets/Texture/roughrock.jpg using Guid(37dbade313c363146826ffbf6c014b6c) Importer(815301076,1909f56bfc062723c751e8b465ee728b)  -> (artifact id: '3743a93317aa5005d653ea4920992f10') in 0.015589 seconds
  Import took 0.018364 seconds .

========================================================================
Received Prepare
Registering precompiled user dll's ...
Registered in 0.000930 seconds.
Begin MonoManager ReloadAssembly
Native extension for WindowsStandalone target not found
Native extension for WebGL target not found
Refreshing native plugins compatible for Editor in 0.32 ms, found 0 plugins.
Preloading 0 native plugins for Editor in 0.00 ms.
Invoked RoslynAnalysisRunner static constructor.
RoslynAnalysisRunner will not be running.
RoslynAnalysisRunner has terminated.
Mono: successfully reloaded assembly
- Completed reload, in  0.920 seconds
Platform modules already initialized, skipping
Refreshing native plugins compatible for Editor in 0.36 ms, found 0 plugins.
Preloading 0 native plugins for Editor in 0.00 ms.
Unloading 1137 Unused Serialized files (Serialized files now loaded: 0)
System memory in use before: 78.9 MB.
System memory in use after: 78.9 MB.

Unloading 6 unused Assets to reduce memory usage. Loaded Objects now: 1697.
Total: 3.198800 ms (FindLiveObjects: 0.431300 ms CreateObjectMapping: 0.217800 ms MarkObjects: 2.371000 ms  DeleteObjects: 0.177200 ms)

========================================================================
Received Import Request.
  Time since last request: 377.310023 seconds.
  path: Assets/TimerScript.cs
  artifactKey: Guid(4d15311efe9bdf447b3cf5843777ce2a) Importer(815301076,1909f56bfc062723c751e8b465ee728b)
Start importing Assets/TimerScript.cs using Guid(4d15311efe9bdf447b3cf5843777ce2a) Importer(815301076,1909f56bfc062723c751e8b465ee728b)  -> (artifact id: 'ed262b06bcaf39845094fff9f64f4c40') in 0.009475 seconds
  Import took 0.011977 seconds .

========================================================================
Received Import Request.
  Time since last request: 0.025211 seconds.
  path: Assets/TimerScript.cs
  artifactKey: Guid(4d15311efe9bdf447b3cf5843777ce2a) Importer(815301076,1909f56bfc062723c751e8b465ee728b)
Start importing Assets/TimerScript.cs using Guid(4d15311efe9bdf447b3cf5843777ce2a) Importer(815301076,1909f56bfc062723c751e8b465ee728b)  -> (artifact id: 'ed262b06bcaf39845094fff9f64f4c40') in 0.012897 seconds
  Import took 0.016405 seconds .

========================================================================
Received Prepare
Registering precompiled user dll's ...
Registered in 0.001274 seconds.
Begin MonoManager ReloadAssembly
Native extension for WindowsStandalone target not found
Native extension for WebGL target not found
Refreshing native plugins compatible for Editor in 0.31 ms, found 0 plugins.
Preloading 0 native plugins for Editor in 0.00 ms.
Invoked RoslynAnalysisRunner static constructor.
RoslynAnalysisRunner will not be running.
RoslynAnalysisRunner has terminated.
Mono: successfully reloaded assembly
- Completed reload, in  0.911 seconds
Platform modules already initialized, skipping
Refreshing native plugins compatible for Editor in 0.30 ms, found 0 plugins.
Preloading 0 native plugins for Editor in 0.00 ms.
Unloading 1137 Unused Serialized files (Serialized files now loaded: 0)
System memory in use before: 78.9 MB.
System memory in use after: 78.9 MB.

Unloading 6 unused Assets to reduce memory usage. Loaded Objects now: 1700.
Total: 2.144800 ms (FindLiveObjects: 0.248200 ms CreateObjectMapping: 0.068300 ms MarkObjects: 1.658500 ms  DeleteObjects: 0.168500 ms)

========================================================================
Received Import Request.
  Time since last request: 22.072641 seconds.
  path: Assets/TimerScript.cs
  artifactKey: Guid(4d15311efe9bdf447b3cf5843777ce2a) Importer(815301076,1909f56bfc062723c751e8b465ee728b)
Start importing Assets/TimerScript.cs using Guid(4d15311efe9bdf447b3cf5843777ce2a) Importer(815301076,1909f56bfc062723c751e8b465ee728b)  -> (artifact id: '98feb8ffbfa20aa4a7e670027e7423c8') in 0.011167 seconds
  Import took 0.013788 seconds .

========================================================================
Received Prepare
Registering precompiled user dll's ...
Registered in 0.000910 seconds.
Begin MonoManager ReloadAssembly
Native extension for WindowsStandalone target not found
Native extension for WebGL target not found
Refreshing native plugins compatible for Editor in 0.29 ms, found 0 plugins.
Preloading 0 native plugins for Editor in 0.00 ms.
Invoked RoslynAnalysisRunner static constructor.
RoslynAnalysisRunner will not be running.
RoslynAnalysisRunner has terminated.
Mono: successfully reloaded assembly
- Completed reload, in  0.948 seconds
Platform modules already initialized, skipping
Refreshing native plugins compatible for Editor in 0.35 ms, found 0 plugins.
Preloading 0 native plugins for Editor in 0.00 ms.
Unloading 1137 Unused Serialized files (Serialized files now loaded: 0)
System memory in use before: 78.9 MB.
System memory in use after: 78.9 MB.

Unloading 6 unused Assets to reduce memory usage. Loaded Objects now: 1703.
Total: 2.099700 ms (FindLiveObjects: 0.196700 ms CreateObjectMapping: 0.042200 ms MarkObjects: 1.698400 ms  DeleteObjects: 0.161000 ms)

========================================================================
Received Prepare
Registering precompiled user dll's ...
Registered in 0.000955 seconds.
Begin MonoManager ReloadAssembly
Native extension for WindowsStandalone target not found
Native extension for WebGL target not found
Refreshing native plugins compatible for Editor in 0.33 ms, found 0 plugins.
Preloading 0 native plugins for Editor in 0.00 ms.
Invoked RoslynAnalysisRunner static constructor.
RoslynAnalysisRunner will not be running.
RoslynAnalysisRunner has terminated.
Mono: successfully reloaded assembly
- Completed reload, in  0.942 seconds
Platform modules already initialized, skipping
Refreshing native plugins compatible for Editor in 0.29 ms, found 0 plugins.
Preloading 0 native plugins for Editor in 0.00 ms.
Unloading 1137 Unused Serialized files (Serialized files now loaded: 0)
System memory in use before: 78.9 MB.
System memory in use after: 78.9 MB.

Unloading 6 unused Assets to reduce memory usage. Loaded Objects now: 1706.
Total: 2.369900 ms (FindLiveObjects: 0.177700 ms CreateObjectMapping: 0.047000 ms MarkObjects: 1.999200 ms  DeleteObjects: 0.144800 ms)

========================================================================
Received Prepare
Registering precompiled user dll's ...
Registered in 0.000878 seconds.
Begin MonoManager ReloadAssembly
Native extension for WindowsStandalone target not found
Native extension for WebGL target not found
Refreshing native plugins compatible for Editor in 0.32 ms, found 0 plugins.
Preloading 0 native plugins for Editor in 0.00 ms.
Invoked RoslynAnalysisRunner static constructor.
RoslynAnalysisRunner will not be running.
RoslynAnalysisRunner has terminated.
Mono: successfully reloaded assembly
- Completed reload, in  0.873 seconds
Platform modules already initialized, skipping
Refreshing native plugins compatible for Editor in 0.30 ms, found 0 plugins.
Preloading 0 native plugins for Editor in 0.00 ms.
Unloading 1137 Unused Serialized files (Serialized files now loaded: 0)
System memory in use before: 78.9 MB.
System memory in use after: 79.0 MB.

Unloading 6 unused Assets to reduce memory usage. Loaded Objects now: 1709.
Total: 1.837700 ms (FindLiveObjects: 0.137600 ms CreateObjectMapping: 0.040000 ms MarkObjects: 1.524700 ms  DeleteObjects: 0.134100 ms)

========================================================================
Received Prepare
Registering precompiled user dll's ...
Registered in 0.001169 seconds.
Begin MonoManager ReloadAssembly
Native extension for WindowsStandalone target not found
Native extension for WebGL target not found
Refreshing native plugins compatible for Editor in 0.34 ms, found 0 plugins.
Preloading 0 native plugins for Editor in 0.00 ms.
Invoked RoslynAnalysisRunner static constructor.
RoslynAnalysisRunner will not be running.
RoslynAnalysisRunner has terminated.
Mono: successfully reloaded assembly
- Completed reload, in  0.937 seconds
Platform modules already initialized, skipping
Refreshing native plugins compatible for Editor in 0.29 ms, found 0 plugins.
Preloading 0 native plugins for Editor in 0.00 ms.
Unloading 1137 Unused Serialized files (Serialized files now loaded: 0)
System memory in use before: 79.0 MB.
System memory in use after: 79.0 MB.

Unloading 6 unused Assets to reduce memory usage. Loaded Objects now: 1712.
Total: 2.094300 ms (FindLiveObjects: 0.296100 ms CreateObjectMapping: 0.057500 ms MarkObjects: 1.568600 ms  DeleteObjects: 0.170700 ms)

========================================================================
Received Prepare
Registering precompiled user dll's ...
Registered in 0.001140 seconds.
Begin MonoManager ReloadAssembly
Native extension for WindowsStandalone target not found
Native extension for WebGL target not found
Refreshing native plugins compatible for Editor in 0.32 ms, found 0 plugins.
Preloading 0 native plugins for Editor in 0.00 ms.
Invoked RoslynAnalysisRunner static constructor.
RoslynAnalysisRunner will not be running.
RoslynAnalysisRunner has terminated.
Mono: successfully reloaded assembly
- Completed reload, in  0.947 seconds
Platform modules already initialized, skipping
Refreshing native plugins compatible for Editor in 0.30 ms, found 0 plugins.
Preloading 0 native plugins for Editor in 0.00 ms.
Unloading 1137 Unused Serialized files (Serialized files now loaded: 0)
System memory in use before: 79.0 MB.
System memory in use after: 79.0 MB.

Unloading 6 unused Assets to reduce memory usage. Loaded Objects now: 1715.
Total: 2.010800 ms (FindLiveObjects: 0.133400 ms CreateObjectMapping: 0.039800 ms MarkObjects: 1.689400 ms  DeleteObjects: 0.146900 ms)

========================================================================
Received Prepare
Registering precompiled user dll's ...
Registered in 0.001002 seconds.
Begin MonoManager ReloadAssembly
Native extension for WindowsStandalone target not found
Native extension for WebGL target not found
Refreshing native plugins compatible for Editor in 0.26 ms, found 0 plugins.
Preloading 0 native plugins for Editor in 0.00 ms.
Invoked RoslynAnalysisRunner static constructor.
RoslynAnalysisRunner will not be running.
RoslynAnalysisRunner has terminated.
Mono: successfully reloaded assembly
- Completed reload, in  0.857 seconds
Platform modules already initialized, skipping
Refreshing native plugins compatible for Editor in 0.35 ms, found 0 plugins.
Preloading 0 native plugins for Editor in 0.00 ms.
Unloading 1137 Unused Serialized files (Serialized files now loaded: 0)
System memory in use before: 79.0 MB.
System memory in use after: 79.0 MB.

Unloading 6 unused Assets to reduce memory usage. Loaded Objects now: 1718.
Total: 2.421000 ms (FindLiveObjects: 0.289700 ms CreateObjectMapping: 0.074400 ms MarkObjects: 1.883300 ms  DeleteObjects: 0.172200 ms)

========================================================================
Received Prepare
Registering precompiled user dll's ...
Registered in 0.000938 seconds.
Begin MonoManager ReloadAssembly
Native extension for WindowsStandalone target not found
Native extension for WebGL target not found
Refreshing native plugins compatible for Editor in 0.27 ms, found 0 plugins.
Preloading 0 native plugins for Editor in 0.00 ms.
Invoked RoslynAnalysisRunner static constructor.
RoslynAnalysisRunner will not be running.
RoslynAnalysisRunner has terminated.
Mono: successfully reloaded assembly
- Completed reload, in  0.892 seconds
Platform modules already initialized, skipping
Refreshing native plugins compatible for Editor in 0.34 ms, found 0 plugins.
Preloading 0 native plugins for Editor in 0.00 ms.
Unloading 1137 Unused Serialized files (Serialized files now loaded: 0)
System memory in use before: 79.0 MB.
System memory in use after: 79.0 MB.

Unloading 6 unused Assets to reduce memory usage. Loaded Objects now: 1721.
Total: 2.058100 ms (FindLiveObjects: 0.175300 ms CreateObjectMapping: 0.043300 ms MarkObjects: 1.670100 ms  DeleteObjects: 0.149500 ms)

AssetImportWorkerClient::OnTransportError - code=2 error=End of file
