Using pre-set license
Built from '2020.3/staging' branch; Version is '2020.3.0f1 (c7b5465681fb) revision 13088070'; Using compiler version '192528614'; Build Type 'Release'
OS: 'Windows 10 Home China; OS build 19042.928; Version 2009; 64bit' Language: 'zh' Physical Memory: 16250 MB
BatchMode: 1, IsHumanControllingUs: 0, StartBugReporterOnCrash: 0, Is64bit: 1, IsPro: 0

 COMMAND LINE ARGUMENTS:
C:\Program Files\Unity\2020.3.0f1\Editor\Unity.exe
-adb2
-batchMode
-noUpm
-name
AssetImportWorker0
-projectPath
D:/A-Learning/Project-Lab/My game/My Game
-logFile
Logs/AssetImportWorker0.log
-srvPort
53081
Successfully changed project path to: D:/A-Learning/Project-Lab/My game/My Game
D:/A-Learning/Project-Lab/My game/My Game
Using Asset Import Pipeline V2.
Refreshing native plugins compatible for Editor in 34.37 ms, found 0 plugins.
Preloading 0 native plugins for Editor in 0.00 ms.
Initialize engine version: 2020.3.0f1 (c7b5465681fb)
[Subsystems] Discovering subsystems at path C:/Program Files/Unity/2020.3.0f1/Editor/Data/Resources/UnitySubsystems
[Subsystems] Discovering subsystems at path D:/A-Learning/Project-Lab/My game/My Game/Assets
GfxDevice: creating device client; threaded=0
Direct3D:
    Version:  Direct3D 11.0 [level 11.1]
    Renderer: NVIDIA GeForce GTX 1050 Ti (ID=0x1c8c)
    Vendor:   
    VRAM:     4018 MB
    Driver:   27.21.14.5771
Initialize mono
Mono path[0] = 'C:/Program Files/Unity/2020.3.0f1/Editor/Data/Managed'
Mono path[1] = 'C:/Program Files/Unity/2020.3.0f1/Editor/Data/MonoBleedingEdge/lib/mono/unityjit'
Mono config path = 'C:/Program Files/Unity/2020.3.0f1/Editor/Data/MonoBleedingEdge/etc'
Using monoOptions --debugger-agent=transport=dt_socket,embedding=1,server=y,suspend=n,address=127.0.0.1:56076
Begin MonoManager ReloadAssembly
Registering precompiled unity dll's ...
Register platform support module: C:/Program Files/Unity/2020.3.0f1/Editor/Data/PlaybackEngines/WebGLSupport/UnityEditor.WebGL.Extensions.dll
Register platform support module: C:/Program Files/Unity/2020.3.0f1/Editor/Data/PlaybackEngines/WindowsStandaloneSupport/UnityEditor.WindowsStandalone.Extensions.dll
Registered in 0.003137 seconds.
Native extension for WindowsStandalone target not found
Native extension for WebGL target not found
Refreshing native plugins compatible for Editor in 52.81 ms, found 0 plugins.
Preloading 0 native plugins for Editor in 0.00 ms.
Invoked RoslynAnalysisRunner static constructor.
RoslynAnalysisRunner will not be running.
RoslynAnalysisRunner has terminated.
Mono: successfully reloaded assembly
- Completed reload, in  1.579 seconds
Platform modules already initialized, skipping
Registering precompiled user dll's ...
Registered in 0.000941 seconds.
Begin MonoManager ReloadAssembly
Native extension for WindowsStandalone target not found
Native extension for WebGL target not found
Refreshing native plugins compatible for Editor in 0.27 ms, found 0 plugins.
Preloading 0 native plugins for Editor in 0.00 ms.
Invoked RoslynAnalysisRunner static constructor.
RoslynAnalysisRunner will not be running.
RoslynAnalysisRunner has terminated.
Mono: successfully reloaded assembly
- Completed reload, in  1.010 seconds
Platform modules already initialized, skipping
========================================================================
Worker process is ready to serve import requests
Launched and connected shader compiler UnityShaderCompiler.exe after 0.05 seconds
Refreshing native plugins compatible for Editor in 0.27 ms, found 0 plugins.
Preloading 0 native plugins for Editor in 0.00 ms.
Unloading 1208 Unused Serialized files (Serialized files now loaded: 0)
System memory in use before: 83.9 MB.
System memory in use after: 83.9 MB.

Unloading 11 unused Assets to reduce memory usage. Loaded Objects now: 1680.
Total: 2.390200 ms (FindLiveObjects: 0.448800 ms CreateObjectMapping: 0.128100 ms MarkObjects: 1.658800 ms  DeleteObjects: 0.153300 ms)

========================================================================
Received Import Request.
  path: Assets/StartTimer.cs
  artifactKey: Guid(f0f3901d3c592ba40b20bb1239e465b7) Importer(815301076,1909f56bfc062723c751e8b465ee728b)
Start importing Assets/StartTimer.cs using Guid(f0f3901d3c592ba40b20bb1239e465b7) Importer(815301076,1909f56bfc062723c751e8b465ee728b)  -> (artifact id: '541c139b780718b0afbd508551e23e39') in 0.038554 seconds
  Import took 0.040825 seconds .

========================================================================
Received Prepare
Registering precompiled user dll's ...
Registered in 0.000970 seconds.
Begin MonoManager ReloadAssembly
Native extension for WindowsStandalone target not found
Native extension for WebGL target not found
Refreshing native plugins compatible for Editor in 0.27 ms, found 0 plugins.
Preloading 0 native plugins for Editor in 0.00 ms.
Invoked RoslynAnalysisRunner static constructor.
RoslynAnalysisRunner will not be running.
RoslynAnalysisRunner has terminated.
Mono: successfully reloaded assembly
- Completed reload, in  0.891 seconds
Platform modules already initialized, skipping
Refreshing native plugins compatible for Editor in 0.34 ms, found 0 plugins.
Preloading 0 native plugins for Editor in 0.00 ms.
Unloading 1135 Unused Serialized files (Serialized files now loaded: 0)
System memory in use before: 78.5 MB.
System memory in use after: 78.6 MB.

Unloading 6 unused Assets to reduce memory usage. Loaded Objects now: 1683.
Total: 2.059100 ms (FindLiveObjects: 0.147800 ms CreateObjectMapping: 0.035100 ms MarkObjects: 1.694900 ms  DeleteObjects: 0.180300 ms)

========================================================================
Received Prepare
Registering precompiled user dll's ...
Registered in 0.004402 seconds.
Begin MonoManager ReloadAssembly
Native extension for WindowsStandalone target not found
Native extension for WebGL target not found
Refreshing native plugins compatible for Editor in 0.28 ms, found 0 plugins.
Preloading 0 native plugins for Editor in 0.00 ms.
Invoked RoslynAnalysisRunner static constructor.
RoslynAnalysisRunner will not be running.
RoslynAnalysisRunner has terminated.
Mono: successfully reloaded assembly
- Completed reload, in  0.955 seconds
Platform modules already initialized, skipping
Refreshing native plugins compatible for Editor in 0.37 ms, found 0 plugins.
Preloading 0 native plugins for Editor in 0.00 ms.
Unloading 1135 Unused Serialized files (Serialized files now loaded: 0)
System memory in use before: 78.6 MB.
System memory in use after: 78.6 MB.

Unloading 6 unused Assets to reduce memory usage. Loaded Objects now: 1686.
Total: 2.748700 ms (FindLiveObjects: 0.179000 ms CreateObjectMapping: 0.061700 ms MarkObjects: 2.332300 ms  DeleteObjects: 0.173600 ms)

========================================================================
Received Import Request.
  Time since last request: 4041.334150 seconds.
  path: Assets/TimerScript.cs
  artifactKey: Guid(4d15311efe9bdf447b3cf5843777ce2a) Importer(815301076,1909f56bfc062723c751e8b465ee728b)
Start importing Assets/TimerScript.cs using Guid(4d15311efe9bdf447b3cf5843777ce2a) Importer(815301076,1909f56bfc062723c751e8b465ee728b)  -> (artifact id: '9f5d90068df9f77e484fe21e04fc89ac') in 0.011095 seconds
  Import took 0.013894 seconds .

========================================================================
Received Import Request.
  Time since last request: 94.327410 seconds.
  path: Assets/TrafficLightGreen.cs
  artifactKey: Guid(938c059173f431a458f0eb8b8fd41f9c) Importer(815301076,1909f56bfc062723c751e8b465ee728b)
Start importing Assets/TrafficLightGreen.cs using Guid(938c059173f431a458f0eb8b8fd41f9c) Importer(815301076,1909f56bfc062723c751e8b465ee728b)  -> (artifact id: '2e6695bd75f34d0fb309a005ad5d2097') in 0.010577 seconds
  Import took 0.014219 seconds .

========================================================================
Received Prepare
Registering precompiled user dll's ...
Registered in 0.000936 seconds.
Begin MonoManager ReloadAssembly
Native extension for WindowsStandalone target not found
Native extension for WebGL target not found
Refreshing native plugins compatible for Editor in 0.27 ms, found 0 plugins.
Preloading 0 native plugins for Editor in 0.00 ms.
Invoked RoslynAnalysisRunner static constructor.
RoslynAnalysisRunner will not be running.
RoslynAnalysisRunner has terminated.
Mono: successfully reloaded assembly
- Completed reload, in  1.027 seconds
Platform modules already initialized, skipping
Refreshing native plugins compatible for Editor in 0.29 ms, found 0 plugins.
Preloading 0 native plugins for Editor in 0.00 ms.
Unloading 1135 Unused Serialized files (Serialized files now loaded: 0)
System memory in use before: 78.6 MB.
System memory in use after: 78.6 MB.

Unloading 6 unused Assets to reduce memory usage. Loaded Objects now: 1689.
Total: 2.059100 ms (FindLiveObjects: 0.272300 ms CreateObjectMapping: 0.052400 ms MarkObjects: 1.572300 ms  DeleteObjects: 0.160500 ms)

========================================================================
Received Prepare
Registering precompiled user dll's ...
Registered in 0.000919 seconds.
Begin MonoManager ReloadAssembly
Native extension for WindowsStandalone target not found
Native extension for WebGL target not found
Refreshing native plugins compatible for Editor in 0.28 ms, found 0 plugins.
Preloading 0 native plugins for Editor in 0.00 ms.
Invoked RoslynAnalysisRunner static constructor.
RoslynAnalysisRunner will not be running.
RoslynAnalysisRunner has terminated.
Mono: successfully reloaded assembly
- Completed reload, in  0.922 seconds
Platform modules already initialized, skipping
Refreshing native plugins compatible for Editor in 0.31 ms, found 0 plugins.
Preloading 0 native plugins for Editor in 0.00 ms.
Unloading 1135 Unused Serialized files (Serialized files now loaded: 0)
System memory in use before: 78.6 MB.
System memory in use after: 78.6 MB.

Unloading 6 unused Assets to reduce memory usage. Loaded Objects now: 1692.
Total: 1.863200 ms (FindLiveObjects: 0.146800 ms CreateObjectMapping: 0.042000 ms MarkObjects: 1.520100 ms  DeleteObjects: 0.153500 ms)

========================================================================
Received Prepare
Registering precompiled user dll's ...
Registered in 0.001321 seconds.
Begin MonoManager ReloadAssembly
Native extension for WindowsStandalone target not found
Native extension for WebGL target not found
Refreshing native plugins compatible for Editor in 0.27 ms, found 0 plugins.
Preloading 0 native plugins for Editor in 0.00 ms.
Invoked RoslynAnalysisRunner static constructor.
RoslynAnalysisRunner will not be running.
RoslynAnalysisRunner has terminated.
Mono: successfully reloaded assembly
- Completed reload, in  0.991 seconds
Platform modules already initialized, skipping
Refreshing native plugins compatible for Editor in 0.29 ms, found 0 plugins.
Preloading 0 native plugins for Editor in 0.00 ms.
Unloading 1135 Unused Serialized files (Serialized files now loaded: 0)
System memory in use before: 78.6 MB.
System memory in use after: 78.6 MB.

Unloading 6 unused Assets to reduce memory usage. Loaded Objects now: 1695.
Total: 2.745500 ms (FindLiveObjects: 0.163200 ms CreateObjectMapping: 0.776000 ms MarkObjects: 1.662700 ms  DeleteObjects: 0.142300 ms)

========================================================================
Received Import Request.
  Time since last request: 649.023418 seconds.
  path: Assets/Trigger.cs
  artifactKey: Guid(3702f68e9d1569143b4b8f07e82db42f) Importer(815301076,1909f56bfc062723c751e8b465ee728b)
Start importing Assets/Trigger.cs using Guid(3702f68e9d1569143b4b8f07e82db42f) Importer(815301076,1909f56bfc062723c751e8b465ee728b)  -> (artifact id: '967d99bdd6095934855dc388e203a911') in 0.013222 seconds
  Import took 0.016609 seconds .

========================================================================
Received Import Request.
  Time since last request: 0.088496 seconds.
  path: Assets/Trigger.cs
  artifactKey: Guid(3702f68e9d1569143b4b8f07e82db42f) Importer(815301076,1909f56bfc062723c751e8b465ee728b)
Start importing Assets/Trigger.cs using Guid(3702f68e9d1569143b4b8f07e82db42f) Importer(815301076,1909f56bfc062723c751e8b465ee728b)  -> (artifact id: '967d99bdd6095934855dc388e203a911') in 0.008890 seconds
  Import took 0.011574 seconds .

========================================================================
Received Prepare
Registering precompiled user dll's ...
Registered in 0.000921 seconds.
Begin MonoManager ReloadAssembly
Native extension for WindowsStandalone target not found
Native extension for WebGL target not found
Refreshing native plugins compatible for Editor in 0.30 ms, found 0 plugins.
Preloading 0 native plugins for Editor in 0.00 ms.
Invoked RoslynAnalysisRunner static constructor.
RoslynAnalysisRunner will not be running.
RoslynAnalysisRunner has terminated.
Mono: successfully reloaded assembly
- Completed reload, in  0.963 seconds
Platform modules already initialized, skipping
Refreshing native plugins compatible for Editor in 0.29 ms, found 0 plugins.
Preloading 0 native plugins for Editor in 0.00 ms.
Unloading 1136 Unused Serialized files (Serialized files now loaded: 0)
System memory in use before: 78.6 MB.
System memory in use after: 78.7 MB.

Unloading 6 unused Assets to reduce memory usage. Loaded Objects now: 1699.
Total: 2.153200 ms (FindLiveObjects: 0.196700 ms CreateObjectMapping: 0.061900 ms MarkObjects: 1.764700 ms  DeleteObjects: 0.128600 ms)

========================================================================
Received Import Request.
  Time since last request: 123.838931 seconds.
  path: Assets/TimerScript.cs
  artifactKey: Guid(4d15311efe9bdf447b3cf5843777ce2a) Importer(815301076,1909f56bfc062723c751e8b465ee728b)
Start importing Assets/TimerScript.cs using Guid(4d15311efe9bdf447b3cf5843777ce2a) Importer(815301076,1909f56bfc062723c751e8b465ee728b)  -> (artifact id: 'b2f9ebf4cc091e51f99c4394aeffaebd') in 0.008393 seconds
  Import took 0.010790 seconds .

========================================================================
Received Import Request.
  Time since last request: 0.027754 seconds.
  path: Assets/TimerScript.cs
  artifactKey: Guid(4d15311efe9bdf447b3cf5843777ce2a) Importer(815301076,1909f56bfc062723c751e8b465ee728b)
Start importing Assets/TimerScript.cs using Guid(4d15311efe9bdf447b3cf5843777ce2a) Importer(815301076,1909f56bfc062723c751e8b465ee728b)  -> (artifact id: 'b2f9ebf4cc091e51f99c4394aeffaebd') in 0.005907 seconds
  Import took 0.008885 seconds .

========================================================================
Received Prepare
Registering precompiled user dll's ...
Registered in 0.004204 seconds.
Begin MonoManager ReloadAssembly
Native extension for WindowsStandalone target not found
Native extension for WebGL target not found
Refreshing native plugins compatible for Editor in 0.61 ms, found 0 plugins.
Preloading 0 native plugins for Editor in 0.00 ms.
Invoked RoslynAnalysisRunner static constructor.
RoslynAnalysisRunner will not be running.
RoslynAnalysisRunner has terminated.
Mono: successfully reloaded assembly
- Completed reload, in  0.922 seconds
Platform modules already initialized, skipping
Refreshing native plugins compatible for Editor in 0.30 ms, found 0 plugins.
Preloading 0 native plugins for Editor in 0.00 ms.
Unloading 1136 Unused Serialized files (Serialized files now loaded: 0)
System memory in use before: 78.6 MB.
System memory in use after: 78.7 MB.

Unloading 6 unused Assets to reduce memory usage. Loaded Objects now: 1702.
Total: 2.052900 ms (FindLiveObjects: 0.172800 ms CreateObjectMapping: 0.048200 ms MarkObjects: 1.644200 ms  DeleteObjects: 0.186800 ms)

========================================================================
Received Import Request.
  Time since last request: 117.962679 seconds.
  path: Assets/TimerScript.cs
  artifactKey: Guid(4d15311efe9bdf447b3cf5843777ce2a) Importer(815301076,1909f56bfc062723c751e8b465ee728b)
Start importing Assets/TimerScript.cs using Guid(4d15311efe9bdf447b3cf5843777ce2a) Importer(815301076,1909f56bfc062723c751e8b465ee728b)  -> (artifact id: '00457290686a82409132fa6195ada1ad') in 0.009985 seconds
  Import took 0.012696 seconds .

========================================================================
Received Import Request.
  Time since last request: 4.513659 seconds.
  path: Assets/Trigger.cs
  artifactKey: Guid(3702f68e9d1569143b4b8f07e82db42f) Importer(815301076,1909f56bfc062723c751e8b465ee728b)
Start importing Assets/Trigger.cs using Guid(3702f68e9d1569143b4b8f07e82db42f) Importer(815301076,1909f56bfc062723c751e8b465ee728b)  -> (artifact id: 'b090f25f20b5dc17590f31f9a94aa1d0') in 0.011008 seconds
  Import took 0.013681 seconds .

========================================================================
Received Prepare
Registering precompiled user dll's ...
Registered in 0.001210 seconds.
Begin MonoManager ReloadAssembly
Native extension for WindowsStandalone target not found
Native extension for WebGL target not found
Refreshing native plugins compatible for Editor in 0.27 ms, found 0 plugins.
Preloading 0 native plugins for Editor in 0.00 ms.
Invoked RoslynAnalysisRunner static constructor.
RoslynAnalysisRunner will not be running.
RoslynAnalysisRunner has terminated.
Mono: successfully reloaded assembly
- Completed reload, in  0.946 seconds
Platform modules already initialized, skipping
Refreshing native plugins compatible for Editor in 0.35 ms, found 0 plugins.
Preloading 0 native plugins for Editor in 0.00 ms.
Unloading 1136 Unused Serialized files (Serialized files now loaded: 0)
System memory in use before: 78.6 MB.
System memory in use after: 78.7 MB.

Unloading 6 unused Assets to reduce memory usage. Loaded Objects now: 1705.
Total: 2.108300 ms (FindLiveObjects: 0.148000 ms CreateObjectMapping: 0.042600 ms MarkObjects: 1.780300 ms  DeleteObjects: 0.135600 ms)

========================================================================
Received Prepare
Registering precompiled user dll's ...
Registered in 0.000923 seconds.
Begin MonoManager ReloadAssembly
Native extension for WindowsStandalone target not found
Native extension for WebGL target not found
Refreshing native plugins compatible for Editor in 0.27 ms, found 0 plugins.
Preloading 0 native plugins for Editor in 0.00 ms.
Invoked RoslynAnalysisRunner static constructor.
RoslynAnalysisRunner will not be running.
RoslynAnalysisRunner has terminated.
Mono: successfully reloaded assembly
- Completed reload, in  0.934 seconds
Platform modules already initialized, skipping
Refreshing native plugins compatible for Editor in 0.32 ms, found 0 plugins.
Preloading 0 native plugins for Editor in 0.00 ms.
Unloading 1136 Unused Serialized files (Serialized files now loaded: 0)
System memory in use before: 78.7 MB.
System memory in use after: 78.7 MB.

Unloading 6 unused Assets to reduce memory usage. Loaded Objects now: 1708.
Total: 1.866000 ms (FindLiveObjects: 0.178800 ms CreateObjectMapping: 0.053200 ms MarkObjects: 1.509400 ms  DeleteObjects: 0.123300 ms)

========================================================================
Received Prepare
Registering precompiled user dll's ...
Registered in 0.001377 seconds.
Begin MonoManager ReloadAssembly
Native extension for WindowsStandalone target not found
Native extension for WebGL target not found
Refreshing native plugins compatible for Editor in 0.36 ms, found 0 plugins.
Preloading 0 native plugins for Editor in 0.00 ms.
Invoked RoslynAnalysisRunner static constructor.
RoslynAnalysisRunner will not be running.
RoslynAnalysisRunner has terminated.
Mono: successfully reloaded assembly
- Completed reload, in  1.047 seconds
Platform modules already initialized, skipping
Refreshing native plugins compatible for Editor in 0.31 ms, found 0 plugins.
Preloading 0 native plugins for Editor in 0.00 ms.
Unloading 1136 Unused Serialized files (Serialized files now loaded: 0)
System memory in use before: 78.7 MB.
System memory in use after: 78.7 MB.

Unloading 6 unused Assets to reduce memory usage. Loaded Objects now: 1711.
Total: 1.928500 ms (FindLiveObjects: 0.168800 ms CreateObjectMapping: 0.048300 ms MarkObjects: 1.560400 ms  DeleteObjects: 0.149900 ms)

========================================================================
Received Prepare
Registering precompiled user dll's ...
Registered in 0.001142 seconds.
Begin MonoManager ReloadAssembly
Native extension for WindowsStandalone target not found
Native extension for WebGL target not found
Refreshing native plugins compatible for Editor in 0.27 ms, found 0 plugins.
Preloading 0 native plugins for Editor in 0.00 ms.
Invoked RoslynAnalysisRunner static constructor.
RoslynAnalysisRunner will not be running.
RoslynAnalysisRunner has terminated.
Mono: successfully reloaded assembly
- Completed reload, in  0.929 seconds
Platform modules already initialized, skipping
Refreshing native plugins compatible for Editor in 0.29 ms, found 0 plugins.
Preloading 0 native plugins for Editor in 0.00 ms.
Unloading 1136 Unused Serialized files (Serialized files now loaded: 0)
System memory in use before: 78.7 MB.
System memory in use after: 78.7 MB.

Unloading 6 unused Assets to reduce memory usage. Loaded Objects now: 1714.
Total: 2.312100 ms (FindLiveObjects: 0.360600 ms CreateObjectMapping: 0.104400 ms MarkObjects: 1.684000 ms  DeleteObjects: 0.161800 ms)

========================================================================
Received Prepare
Registering precompiled user dll's ...
Registered in 0.000969 seconds.
Begin MonoManager ReloadAssembly
Native extension for WindowsStandalone target not found
Native extension for WebGL target not found
Refreshing native plugins compatible for Editor in 0.27 ms, found 0 plugins.
Preloading 0 native plugins for Editor in 0.00 ms.
Invoked RoslynAnalysisRunner static constructor.
RoslynAnalysisRunner will not be running.
RoslynAnalysisRunner has terminated.
Mono: successfully reloaded assembly
- Completed reload, in  0.944 seconds
Platform modules already initialized, skipping
Refreshing native plugins compatible for Editor in 0.36 ms, found 0 plugins.
Preloading 0 native plugins for Editor in 0.00 ms.
Unloading 1136 Unused Serialized files (Serialized files now loaded: 0)
System memory in use before: 78.7 MB.
System memory in use after: 78.7 MB.

Unloading 6 unused Assets to reduce memory usage. Loaded Objects now: 1717.
Total: 1.867800 ms (FindLiveObjects: 0.152800 ms CreateObjectMapping: 0.043000 ms MarkObjects: 1.551400 ms  DeleteObjects: 0.118800 ms)

========================================================================
Received Prepare
Registering precompiled user dll's ...
Registered in 0.000965 seconds.
Begin MonoManager ReloadAssembly
Native extension for WindowsStandalone target not found
Native extension for WebGL target not found
Refreshing native plugins compatible for Editor in 0.28 ms, found 0 plugins.
Preloading 0 native plugins for Editor in 0.00 ms.
Invoked RoslynAnalysisRunner static constructor.
RoslynAnalysisRunner will not be running.
RoslynAnalysisRunner has terminated.
Mono: successfully reloaded assembly
- Completed reload, in  0.932 seconds
Platform modules already initialized, skipping
Refreshing native plugins compatible for Editor in 0.32 ms, found 0 plugins.
Preloading 0 native plugins for Editor in 0.00 ms.
Unloading 1136 Unused Serialized files (Serialized files now loaded: 0)
System memory in use before: 78.7 MB.
System memory in use after: 78.7 MB.

Unloading 6 unused Assets to reduce memory usage. Loaded Objects now: 1720.
Total: 2.549100 ms (FindLiveObjects: 0.269100 ms CreateObjectMapping: 0.097200 ms MarkObjects: 1.967000 ms  DeleteObjects: 0.213900 ms)

========================================================================
Received Prepare
Registering precompiled user dll's ...
Registered in 0.000918 seconds.
Begin MonoManager ReloadAssembly
Native extension for WindowsStandalone target not found
Native extension for WebGL target not found
Refreshing native plugins compatible for Editor in 0.38 ms, found 0 plugins.
Preloading 0 native plugins for Editor in 0.00 ms.
Invoked RoslynAnalysisRunner static constructor.
RoslynAnalysisRunner will not be running.
RoslynAnalysisRunner has terminated.
Mono: successfully reloaded assembly
- Completed reload, in  0.937 seconds
Platform modules already initialized, skipping
Script error: OnTriggerEnter
This message parameter has to be of type: Collider
The message will be ignored.

Refreshing native plugins compatible for Editor in 0.34 ms, found 0 plugins.
Preloading 0 native plugins for Editor in 0.00 ms.
Unloading 1136 Unused Serialized files (Serialized files now loaded: 0)
System memory in use before: 78.8 MB.
System memory in use after: 78.8 MB.

Unloading 6 unused Assets to reduce memory usage. Loaded Objects now: 1723.
Total: 2.111900 ms (FindLiveObjects: 0.175800 ms CreateObjectMapping: 0.047100 ms MarkObjects: 1.729500 ms  DeleteObjects: 0.157900 ms)

========================================================================
Received Prepare
Registering precompiled user dll's ...
Registered in 0.002301 seconds.
Begin MonoManager ReloadAssembly
Native extension for WindowsStandalone target not found
Native extension for WebGL target not found
Refreshing native plugins compatible for Editor in 0.28 ms, found 0 plugins.
Preloading 0 native plugins for Editor in 0.00 ms.
Invoked RoslynAnalysisRunner static constructor.
RoslynAnalysisRunner will not be running.
RoslynAnalysisRunner has terminated.
Mono: successfully reloaded assembly
- Completed reload, in  1.087 seconds
Platform modules already initialized, skipping
Refreshing native plugins compatible for Editor in 0.28 ms, found 0 plugins.
Preloading 0 native plugins for Editor in 0.00 ms.
Unloading 1136 Unused Serialized files (Serialized files now loaded: 0)
System memory in use before: 78.8 MB.
System memory in use after: 78.8 MB.

Unloading 6 unused Assets to reduce memory usage. Loaded Objects now: 1726.
Total: 2.153100 ms (FindLiveObjects: 0.423600 ms CreateObjectMapping: 0.066300 ms MarkObjects: 1.507400 ms  DeleteObjects: 0.154900 ms)

========================================================================
Received Prepare
Registering precompiled user dll's ...
Registered in 0.001440 seconds.
Begin MonoManager ReloadAssembly
Native extension for WindowsStandalone target not found
Native extension for WebGL target not found
Refreshing native plugins compatible for Editor in 0.29 ms, found 0 plugins.
Preloading 0 native plugins for Editor in 0.00 ms.
Invoked RoslynAnalysisRunner static constructor.
RoslynAnalysisRunner will not be running.
RoslynAnalysisRunner has terminated.
Mono: successfully reloaded assembly
- Completed reload, in  1.070 seconds
Platform modules already initialized, skipping
Refreshing native plugins compatible for Editor in 0.33 ms, found 0 plugins.
Preloading 0 native plugins for Editor in 0.00 ms.
Unloading 1136 Unused Serialized files (Serialized files now loaded: 0)
System memory in use before: 78.8 MB.
System memory in use after: 78.8 MB.

Unloading 6 unused Assets to reduce memory usage. Loaded Objects now: 1729.
Total: 3.403200 ms (FindLiveObjects: 0.729800 ms CreateObjectMapping: 0.203400 ms MarkObjects: 2.286700 ms  DeleteObjects: 0.181400 ms)

========================================================================
Received Prepare
Registering precompiled user dll's ...
Registered in 0.000972 seconds.
Begin MonoManager ReloadAssembly
Native extension for WindowsStandalone target not found
Native extension for WebGL target not found
Refreshing native plugins compatible for Editor in 0.28 ms, found 0 plugins.
Preloading 0 native plugins for Editor in 0.00 ms.
Invoked RoslynAnalysisRunner static constructor.
RoslynAnalysisRunner will not be running.
RoslynAnalysisRunner has terminated.
Mono: successfully reloaded assembly
- Completed reload, in  0.931 seconds
Platform modules already initialized, skipping
Refreshing native plugins compatible for Editor in 0.29 ms, found 0 plugins.
Preloading 0 native plugins for Editor in 0.00 ms.
Unloading 1136 Unused Serialized files (Serialized files now loaded: 0)
System memory in use before: 78.8 MB.
System memory in use after: 78.8 MB.

Unloading 6 unused Assets to reduce memory usage. Loaded Objects now: 1732.
Total: 2.100500 ms (FindLiveObjects: 0.169700 ms CreateObjectMapping: 0.046700 ms MarkObjects: 1.712500 ms  DeleteObjects: 0.169300 ms)

========================================================================
Received Prepare
Registering precompiled user dll's ...
Registered in 0.000949 seconds.
Begin MonoManager ReloadAssembly
Native extension for WindowsStandalone target not found
Native extension for WebGL target not found
Refreshing native plugins compatible for Editor in 0.30 ms, found 0 plugins.
Preloading 0 native plugins for Editor in 0.00 ms.
Invoked RoslynAnalysisRunner static constructor.
RoslynAnalysisRunner will not be running.
RoslynAnalysisRunner has terminated.
Mono: successfully reloaded assembly
- Completed reload, in  1.004 seconds
Platform modules already initialized, skipping
Refreshing native plugins compatible for Editor in 0.29 ms, found 0 plugins.
Preloading 0 native plugins for Editor in 0.00 ms.
Unloading 1136 Unused Serialized files (Serialized files now loaded: 0)
System memory in use before: 78.8 MB.
System memory in use after: 78.8 MB.

Unloading 6 unused Assets to reduce memory usage. Loaded Objects now: 1735.
Total: 2.414100 ms (FindLiveObjects: 0.170500 ms CreateObjectMapping: 0.044500 ms MarkObjects: 2.079000 ms  DeleteObjects: 0.118700 ms)

========================================================================
Received Prepare
Registering precompiled user dll's ...
Registered in 0.000922 seconds.
Begin MonoManager ReloadAssembly
Native extension for WindowsStandalone target not found
Native extension for WebGL target not found
Refreshing native plugins compatible for Editor in 0.28 ms, found 0 plugins.
Preloading 0 native plugins for Editor in 0.00 ms.
Invoked RoslynAnalysisRunner static constructor.
RoslynAnalysisRunner will not be running.
RoslynAnalysisRunner has terminated.
Mono: successfully reloaded assembly
- Completed reload, in  0.999 seconds
Platform modules already initialized, skipping
Refreshing native plugins compatible for Editor in 0.29 ms, found 0 plugins.
Preloading 0 native plugins for Editor in 0.00 ms.
Unloading 1136 Unused Serialized files (Serialized files now loaded: 0)
System memory in use before: 78.8 MB.
System memory in use after: 78.9 MB.

Unloading 6 unused Assets to reduce memory usage. Loaded Objects now: 1738.
Total: 2.719600 ms (FindLiveObjects: 0.226800 ms CreateObjectMapping: 0.163200 ms MarkObjects: 2.165700 ms  DeleteObjects: 0.162500 ms)

========================================================================
Received Prepare
Registering precompiled user dll's ...
Registered in 0.001272 seconds.
Begin MonoManager ReloadAssembly
Native extension for WindowsStandalone target not found
Native extension for WebGL target not found
Refreshing native plugins compatible for Editor in 0.28 ms, found 0 plugins.
Preloading 0 native plugins for Editor in 0.00 ms.
Invoked RoslynAnalysisRunner static constructor.
RoslynAnalysisRunner will not be running.
RoslynAnalysisRunner has terminated.
Mono: successfully reloaded assembly
- Completed reload, in  0.922 seconds
Platform modules already initialized, skipping
Refreshing native plugins compatible for Editor in 0.29 ms, found 0 plugins.
Preloading 0 native plugins for Editor in 0.00 ms.
Unloading 1136 Unused Serialized files (Serialized files now loaded: 0)
System memory in use before: 78.8 MB.
System memory in use after: 78.9 MB.

Unloading 6 unused Assets to reduce memory usage. Loaded Objects now: 1741.
Total: 1.940300 ms (FindLiveObjects: 0.170200 ms CreateObjectMapping: 0.051100 ms MarkObjects: 1.586300 ms  DeleteObjects: 0.131200 ms)

========================================================================
Received Prepare
Registering precompiled user dll's ...
Registered in 0.001427 seconds.
Begin MonoManager ReloadAssembly
Native extension for WindowsStandalone target not found
Native extension for WebGL target not found
Refreshing native plugins compatible for Editor in 0.29 ms, found 0 plugins.
Preloading 0 native plugins for Editor in 0.00 ms.
Invoked RoslynAnalysisRunner static constructor.
RoslynAnalysisRunner will not be running.
RoslynAnalysisRunner has terminated.
Mono: successfully reloaded assembly
- Completed reload, in  0.980 seconds
Platform modules already initialized, skipping
Refreshing native plugins compatible for Editor in 0.30 ms, found 0 plugins.
Preloading 0 native plugins for Editor in 0.00 ms.
Unloading 1136 Unused Serialized files (Serialized files now loaded: 0)
System memory in use before: 78.8 MB.
System memory in use after: 78.9 MB.

Unloading 6 unused Assets to reduce memory usage. Loaded Objects now: 1744.
Total: 2.053500 ms (FindLiveObjects: 0.195300 ms CreateObjectMapping: 0.049900 ms MarkObjects: 1.669500 ms  DeleteObjects: 0.137100 ms)

========================================================================
Received Prepare
Registering precompiled user dll's ...
Registered in 0.000938 seconds.
Begin MonoManager ReloadAssembly
Native extension for WindowsStandalone target not found
Native extension for WebGL target not found
Refreshing native plugins compatible for Editor in 0.28 ms, found 0 plugins.
Preloading 0 native plugins for Editor in 0.00 ms.
Invoked RoslynAnalysisRunner static constructor.
RoslynAnalysisRunner will not be running.
RoslynAnalysisRunner has terminated.
Mono: successfully reloaded assembly
- Completed reload, in  0.914 seconds
Platform modules already initialized, skipping
Refreshing native plugins compatible for Editor in 0.30 ms, found 0 plugins.
Preloading 0 native plugins for Editor in 0.00 ms.
Unloading 1136 Unused Serialized files (Serialized files now loaded: 0)
System memory in use before: 78.9 MB.
System memory in use after: 78.9 MB.

Unloading 6 unused Assets to reduce memory usage. Loaded Objects now: 1747.
Total: 1.977300 ms (FindLiveObjects: 0.172100 ms CreateObjectMapping: 0.048200 ms MarkObjects: 1.589400 ms  DeleteObjects: 0.164300 ms)

========================================================================
Received Prepare
Registering precompiled user dll's ...
Registered in 0.000968 seconds.
Begin MonoManager ReloadAssembly
Native extension for WindowsStandalone target not found
Native extension for WebGL target not found
Refreshing native plugins compatible for Editor in 0.31 ms, found 0 plugins.
Preloading 0 native plugins for Editor in 0.00 ms.
Invoked RoslynAnalysisRunner static constructor.
RoslynAnalysisRunner will not be running.
RoslynAnalysisRunner has terminated.
Mono: successfully reloaded assembly
- Completed reload, in  1.151 seconds
Platform modules already initialized, skipping
Refreshing native plugins compatible for Editor in 0.29 ms, found 0 plugins.
Preloading 0 native plugins for Editor in 0.00 ms.
Unloading 1136 Unused Serialized files (Serialized files now loaded: 0)
System memory in use before: 78.9 MB.
System memory in use after: 78.9 MB.

Unloading 6 unused Assets to reduce memory usage. Loaded Objects now: 1750.
Total: 2.272700 ms (FindLiveObjects: 0.184800 ms CreateObjectMapping: 0.048700 ms MarkObjects: 1.889200 ms  DeleteObjects: 0.147500 ms)

========================================================================
Received Import Request.
  Time since last request: 3533.597459 seconds.
  path: Assets/Tree.prefab
  artifactKey: Guid(45e2020dac8ef224c8b379ae700fc298) Importer(815301076,1909f56bfc062723c751e8b465ee728b)
Start importing Assets/Tree.prefab using Guid(45e2020dac8ef224c8b379ae700fc298) Importer(815301076,1909f56bfc062723c751e8b465ee728b)  -> (artifact id: 'c3dec2366ff9ad71001ba55b20eacc22') in 0.420097 seconds
  Import took 0.422879 seconds .

========================================================================
Received Prepare
Registering precompiled user dll's ...
Registered in 0.001006 seconds.
Begin MonoManager ReloadAssembly
Native extension for WindowsStandalone target not found
Native extension for WebGL target not found
Refreshing native plugins compatible for Editor in 0.28 ms, found 0 plugins.
Preloading 0 native plugins for Editor in 0.00 ms.
Invoked RoslynAnalysisRunner static constructor.
RoslynAnalysisRunner will not be running.
RoslynAnalysisRunner has terminated.
Mono: successfully reloaded assembly
- Completed reload, in  0.992 seconds
Platform modules already initialized, skipping
Refreshing native plugins compatible for Editor in 0.29 ms, found 0 plugins.
Preloading 0 native plugins for Editor in 0.00 ms.
Unloading 1136 Unused Serialized files (Serialized files now loaded: 0)
System memory in use before: 82.5 MB.
System memory in use after: 82.5 MB.

Unloading 6 unused Assets to reduce memory usage. Loaded Objects now: 1796.
Total: 1.898300 ms (FindLiveObjects: 0.200800 ms CreateObjectMapping: 0.044800 ms MarkObjects: 1.494300 ms  DeleteObjects: 0.157300 ms)

========================================================================
Received Import Request.
  Time since last request: 688.869956 seconds.
  path: Assets/Texture/roadside 1.jpg
  artifactKey: Guid(36345a0db7d0078408ade49d913933ce) Importer(815301076,1909f56bfc062723c751e8b465ee728b)
Start importing Assets/Texture/roadside 1.jpg using Guid(36345a0db7d0078408ade49d913933ce) Importer(815301076,1909f56bfc062723c751e8b465ee728b)  -> (artifact id: 'c7c9877930eecbf03c8c4079beb0f17f') in 0.188166 seconds
  Import took 0.191370 seconds .

========================================================================
Received Prepare
Registering precompiled user dll's ...
Registered in 0.001450 seconds.
Begin MonoManager ReloadAssembly
Native extension for WindowsStandalone target not found
Native extension for WebGL target not found
Refreshing native plugins compatible for Editor in 0.28 ms, found 0 plugins.
Preloading 0 native plugins for Editor in 0.00 ms.
Invoked RoslynAnalysisRunner static constructor.
RoslynAnalysisRunner will not be running.
RoslynAnalysisRunner has terminated.
Mono: successfully reloaded assembly
- Completed reload, in  0.935 seconds
Platform modules already initialized, skipping
Refreshing native plugins compatible for Editor in 0.29 ms, found 0 plugins.
Preloading 0 native plugins for Editor in 0.00 ms.
Unloading 1136 Unused Serialized files (Serialized files now loaded: 0)
System memory in use before: 82.5 MB.
System memory in use after: 82.6 MB.

Unloading 6 unused Assets to reduce memory usage. Loaded Objects now: 1800.
Total: 1.856400 ms (FindLiveObjects: 0.152700 ms CreateObjectMapping: 0.042300 ms MarkObjects: 1.530200 ms  DeleteObjects: 0.129700 ms)

========================================================================
Received Prepare
Registering precompiled user dll's ...
Registered in 0.014014 seconds.
Begin MonoManager ReloadAssembly
Native extension for WindowsStandalone target not found
Native extension for WebGL target not found
Refreshing native plugins compatible for Editor in 0.29 ms, found 0 plugins.
Preloading 0 native plugins for Editor in 0.00 ms.
Invoked RoslynAnalysisRunner static constructor.
RoslynAnalysisRunner will not be running.
RoslynAnalysisRunner has terminated.
Mono: successfully reloaded assembly
- Completed reload, in  1.371 seconds
Platform modules already initialized, skipping
Refreshing native plugins compatible for Editor in 0.29 ms, found 0 plugins.
Preloading 0 native plugins for Editor in 0.00 ms.
Unloading 1136 Unused Serialized files (Serialized files now loaded: 0)
System memory in use before: 82.5 MB.
System memory in use after: 82.6 MB.

Unloading 6 unused Assets to reduce memory usage. Loaded Objects now: 1803.
Total: 2.411600 ms (FindLiveObjects: 0.214700 ms CreateObjectMapping: 0.066300 ms MarkObjects: 1.904900 ms  DeleteObjects: 0.223000 ms)

========================================================================
Received Import Request.
  Time since last request: 2833.994004 seconds.
  path: Assets/Reset.cs
  artifactKey: Guid(aed7329a03f845141bf99a3b1eb98361) Importer(815301076,1909f56bfc062723c751e8b465ee728b)
Start importing Assets/Reset.cs using Guid(aed7329a03f845141bf99a3b1eb98361) Importer(815301076,1909f56bfc062723c751e8b465ee728b)  -> (artifact id: '4f4c392aa5ffd3aed16a7244e2fbf929') in 0.031543 seconds
  Import took 0.036228 seconds .

========================================================================
Received Prepare
Registering precompiled user dll's ...
Registered in 0.000956 seconds.
Begin MonoManager ReloadAssembly
Native extension for WindowsStandalone target not found
Native extension for WebGL target not found
Refreshing native plugins compatible for Editor in 0.27 ms, found 0 plugins.
Preloading 0 native plugins for Editor in 0.00 ms.
Invoked RoslynAnalysisRunner static constructor.
RoslynAnalysisRunner will not be running.
RoslynAnalysisRunner has terminated.
Mono: successfully reloaded assembly
- Completed reload, in  0.898 seconds
Platform modules already initialized, skipping
Refreshing native plugins compatible for Editor in 0.43 ms, found 0 plugins.
Preloading 0 native plugins for Editor in 0.00 ms.
Unloading 1137 Unused Serialized files (Serialized files now loaded: 0)
System memory in use before: 82.6 MB.
System memory in use after: 82.6 MB.

Unloading 6 unused Assets to reduce memory usage. Loaded Objects now: 1807.
Total: 1.971500 ms (FindLiveObjects: 0.188900 ms CreateObjectMapping: 0.044100 ms MarkObjects: 1.566500 ms  DeleteObjects: 0.170900 ms)

========================================================================
Received Prepare
Registering precompiled user dll's ...
Registered in 0.001498 seconds.
Begin MonoManager ReloadAssembly
Native extension for WindowsStandalone target not found
Native extension for WebGL target not found
Refreshing native plugins compatible for Editor in 0.36 ms, found 0 plugins.
Preloading 0 native plugins for Editor in 0.00 ms.
Invoked RoslynAnalysisRunner static constructor.
RoslynAnalysisRunner will not be running.
RoslynAnalysisRunner has terminated.
Mono: successfully reloaded assembly
- Completed reload, in  1.012 seconds
Platform modules already initialized, skipping
Refreshing native plugins compatible for Editor in 0.35 ms, found 0 plugins.
Preloading 0 native plugins for Editor in 0.00 ms.
Unloading 1137 Unused Serialized files (Serialized files now loaded: 0)
System memory in use before: 82.6 MB.
System memory in use after: 82.6 MB.

Unloading 6 unused Assets to reduce memory usage. Loaded Objects now: 1810.
Total: 6.578600 ms (FindLiveObjects: 0.209100 ms CreateObjectMapping: 0.056000 ms MarkObjects: 5.437200 ms  DeleteObjects: 0.873700 ms)

========================================================================
Received Import Request.
  Time since last request: 426.083903 seconds.
  path: Assets/Reset.cs
  artifactKey: Guid(aed7329a03f845141bf99a3b1eb98361) Importer(815301076,1909f56bfc062723c751e8b465ee728b)
Start importing Assets/Reset.cs using Guid(aed7329a03f845141bf99a3b1eb98361) Importer(815301076,1909f56bfc062723c751e8b465ee728b)  -> (artifact id: '0dd8cff973754b18701187aaf4f6ca32') in 0.017132 seconds
  Import took 0.020554 seconds .

========================================================================
Received Import Request.
  Time since last request: 16.343897 seconds.
  path: Assets/Reset.cs
  artifactKey: Guid(aed7329a03f845141bf99a3b1eb98361) Importer(815301076,1909f56bfc062723c751e8b465ee728b)
Start importing Assets/Reset.cs using Guid(aed7329a03f845141bf99a3b1eb98361) Importer(815301076,1909f56bfc062723c751e8b465ee728b)  -> (artifact id: 'e69d6299acfc8b7544e429aebae0443c') in 0.008304 seconds
  Import took 0.015684 seconds .

========================================================================
Received Import Request.
  Time since last request: 0.027046 seconds.
  path: Assets/Reset.cs
  artifactKey: Guid(aed7329a03f845141bf99a3b1eb98361) Importer(815301076,1909f56bfc062723c751e8b465ee728b)
Start importing Assets/Reset.cs using Guid(aed7329a03f845141bf99a3b1eb98361) Importer(815301076,1909f56bfc062723c751e8b465ee728b)  -> (artifact id: 'e69d6299acfc8b7544e429aebae0443c') in 0.005750 seconds
  Import took 0.009748 seconds .

========================================================================
Received Import Request.
  Time since last request: 10.258479 seconds.
  path: Assets/Reset.cs
  artifactKey: Guid(aed7329a03f845141bf99a3b1eb98361) Importer(815301076,1909f56bfc062723c751e8b465ee728b)
Start importing Assets/Reset.cs using Guid(aed7329a03f845141bf99a3b1eb98361) Importer(815301076,1909f56bfc062723c751e8b465ee728b)  -> (artifact id: 'e3bad40ac9568cbab025808e4e41f921') in 0.011353 seconds
  Import took 0.014230 seconds .

========================================================================
Received Import Request.
  Time since last request: 0.031844 seconds.
  path: Assets/Reset.cs
  artifactKey: Guid(aed7329a03f845141bf99a3b1eb98361) Importer(815301076,1909f56bfc062723c751e8b465ee728b)
Start importing Assets/Reset.cs using Guid(aed7329a03f845141bf99a3b1eb98361) Importer(815301076,1909f56bfc062723c751e8b465ee728b)  -> (artifact id: 'e3bad40ac9568cbab025808e4e41f921') in 0.008394 seconds
  Import took 0.010963 seconds .

========================================================================
Received Prepare
Registering precompiled user dll's ...
Registered in 0.000916 seconds.
Begin MonoManager ReloadAssembly
Native extension for WindowsStandalone target not found
Native extension for WebGL target not found
Refreshing native plugins compatible for Editor in 0.31 ms, found 0 plugins.
Preloading 0 native plugins for Editor in 0.00 ms.
Invoked RoslynAnalysisRunner static constructor.
RoslynAnalysisRunner will not be running.
RoslynAnalysisRunner has terminated.
Mono: successfully reloaded assembly
- Completed reload, in  0.963 seconds
Platform modules already initialized, skipping
Refreshing native plugins compatible for Editor in 0.30 ms, found 0 plugins.
Preloading 0 native plugins for Editor in 0.00 ms.
Unloading 1137 Unused Serialized files (Serialized files now loaded: 0)
System memory in use before: 82.6 MB.
System memory in use after: 82.6 MB.

Unloading 6 unused Assets to reduce memory usage. Loaded Objects now: 1813.
Total: 2.196400 ms (FindLiveObjects: 0.176500 ms CreateObjectMapping: 0.048500 ms MarkObjects: 1.808500 ms  DeleteObjects: 0.161100 ms)

========================================================================
Received Prepare
Registering precompiled user dll's ...
Registered in 0.001379 seconds.
Begin MonoManager ReloadAssembly
Native extension for WindowsStandalone target not found
Native extension for WebGL target not found
Refreshing native plugins compatible for Editor in 0.30 ms, found 0 plugins.
Preloading 0 native plugins for Editor in 0.00 ms.
Invoked RoslynAnalysisRunner static constructor.
RoslynAnalysisRunner will not be running.
RoslynAnalysisRunner has terminated.
Mono: successfully reloaded assembly
- Completed reload, in  1.030 seconds
Platform modules already initialized, skipping
Refreshing native plugins compatible for Editor in 0.30 ms, found 0 plugins.
Preloading 0 native plugins for Editor in 0.00 ms.
Unloading 1137 Unused Serialized files (Serialized files now loaded: 0)
System memory in use before: 82.6 MB.
System memory in use after: 82.6 MB.

Unloading 6 unused Assets to reduce memory usage. Loaded Objects now: 1816.
Total: 2.878400 ms (FindLiveObjects: 0.233500 ms CreateObjectMapping: 0.049200 ms MarkObjects: 2.452500 ms  DeleteObjects: 0.128400 ms)

========================================================================
Received Prepare
Registering precompiled user dll's ...
Registered in 0.000974 seconds.
Begin MonoManager ReloadAssembly
Native extension for WindowsStandalone target not found
Native extension for WebGL target not found
Refreshing native plugins compatible for Editor in 0.27 ms, found 0 plugins.
Preloading 0 native plugins for Editor in 0.00 ms.
Invoked RoslynAnalysisRunner static constructor.
RoslynAnalysisRunner will not be running.
RoslynAnalysisRunner has terminated.
Mono: successfully reloaded assembly
- Completed reload, in  0.919 seconds
Platform modules already initialized, skipping
Refreshing native plugins compatible for Editor in 0.28 ms, found 0 plugins.
Preloading 0 native plugins for Editor in 0.00 ms.
Unloading 1137 Unused Serialized files (Serialized files now loaded: 0)
System memory in use before: 82.6 MB.
System memory in use after: 82.6 MB.

Unloading 6 unused Assets to reduce memory usage. Loaded Objects now: 1819.
Total: 2.499500 ms (FindLiveObjects: 0.244500 ms CreateObjectMapping: 0.057500 ms MarkObjects: 2.003900 ms  DeleteObjects: 0.191800 ms)

========================================================================
Received Prepare
Registering precompiled user dll's ...
Registered in 0.001318 seconds.
Begin MonoManager ReloadAssembly
Native extension for WindowsStandalone target not found
Native extension for WebGL target not found
Refreshing native plugins compatible for Editor in 0.34 ms, found 0 plugins.
Preloading 0 native plugins for Editor in 0.00 ms.
Invoked RoslynAnalysisRunner static constructor.
RoslynAnalysisRunner will not be running.
RoslynAnalysisRunner has terminated.
Mono: successfully reloaded assembly
- Completed reload, in  0.998 seconds
Platform modules already initialized, skipping
Script error (Reset): Start() can not take parameters.

Script error (Reset): Start() can not take parameters.

Refreshing native plugins compatible for Editor in 0.29 ms, found 0 plugins.
Preloading 0 native plugins for Editor in 0.00 ms.
Unloading 1137 Unused Serialized files (Serialized files now loaded: 0)
System memory in use before: 82.6 MB.
System memory in use after: 82.6 MB.

Unloading 6 unused Assets to reduce memory usage. Loaded Objects now: 1822.
Total: 2.628900 ms (FindLiveObjects: 0.344200 ms CreateObjectMapping: 0.065600 ms MarkObjects: 2.087600 ms  DeleteObjects: 0.129900 ms)

========================================================================
Received Prepare
Registering precompiled user dll's ...
Registered in 0.001411 seconds.
Begin MonoManager ReloadAssembly
Native extension for WindowsStandalone target not found
Native extension for WebGL target not found
Refreshing native plugins compatible for Editor in 0.27 ms, found 0 plugins.
Preloading 0 native plugins for Editor in 0.00 ms.
Invoked RoslynAnalysisRunner static constructor.
RoslynAnalysisRunner will not be running.
RoslynAnalysisRunner has terminated.
Mono: successfully reloaded assembly
- Completed reload, in  1.050 seconds
Platform modules already initialized, skipping
Refreshing native plugins compatible for Editor in 0.29 ms, found 0 plugins.
Preloading 0 native plugins for Editor in 0.00 ms.
Unloading 1137 Unused Serialized files (Serialized files now loaded: 0)
System memory in use before: 82.6 MB.
System memory in use after: 82.6 MB.

Unloading 6 unused Assets to reduce memory usage. Loaded Objects now: 1825.
Total: 1.975900 ms (FindLiveObjects: 0.237400 ms CreateObjectMapping: 0.044000 ms MarkObjects: 1.575000 ms  DeleteObjects: 0.117800 ms)

========================================================================
Received Prepare
Registering precompiled user dll's ...
Registered in 0.001334 seconds.
Begin MonoManager ReloadAssembly
Native extension for WindowsStandalone target not found
Native extension for WebGL target not found
Refreshing native plugins compatible for Editor in 0.30 ms, found 0 plugins.
Preloading 0 native plugins for Editor in 0.00 ms.
Invoked RoslynAnalysisRunner static constructor.
RoslynAnalysisRunner will not be running.
RoslynAnalysisRunner has terminated.
Mono: successfully reloaded assembly
- Completed reload, in  0.944 seconds
Platform modules already initialized, skipping
Refreshing native plugins compatible for Editor in 0.32 ms, found 0 plugins.
Preloading 0 native plugins for Editor in 0.00 ms.
Unloading 1137 Unused Serialized files (Serialized files now loaded: 0)
System memory in use before: 82.6 MB.
System memory in use after: 82.6 MB.

Unloading 6 unused Assets to reduce memory usage. Loaded Objects now: 1828.
Total: 2.060000 ms (FindLiveObjects: 0.212100 ms CreateObjectMapping: 0.050800 ms MarkObjects: 1.634100 ms  DeleteObjects: 0.161600 ms)

========================================================================
Received Prepare
Registering precompiled user dll's ...
Registered in 0.000983 seconds.
Begin MonoManager ReloadAssembly
Native extension for WindowsStandalone target not found
Native extension for WebGL target not found
Refreshing native plugins compatible for Editor in 0.28 ms, found 0 plugins.
Preloading 0 native plugins for Editor in 0.00 ms.
Invoked RoslynAnalysisRunner static constructor.
RoslynAnalysisRunner will not be running.
RoslynAnalysisRunner has terminated.
Mono: successfully reloaded assembly
- Completed reload, in  0.988 seconds
Platform modules already initialized, skipping
Refreshing native plugins compatible for Editor in 0.28 ms, found 0 plugins.
Preloading 0 native plugins for Editor in 0.00 ms.
Unloading 1137 Unused Serialized files (Serialized files now loaded: 0)
System memory in use before: 82.6 MB.
System memory in use after: 82.6 MB.

Unloading 6 unused Assets to reduce memory usage. Loaded Objects now: 1831.
Total: 2.411800 ms (FindLiveObjects: 0.245100 ms CreateObjectMapping: 0.043800 ms MarkObjects: 1.973300 ms  DeleteObjects: 0.148700 ms)

========================================================================
Received Prepare
Registering precompiled user dll's ...
Registered in 0.001344 seconds.
Begin MonoManager ReloadAssembly
Native extension for WindowsStandalone target not found
Native extension for WebGL target not found
Refreshing native plugins compatible for Editor in 0.31 ms, found 0 plugins.
Preloading 0 native plugins for Editor in 0.00 ms.
Invoked RoslynAnalysisRunner static constructor.
RoslynAnalysisRunner will not be running.
RoslynAnalysisRunner has terminated.
Mono: successfully reloaded assembly
- Completed reload, in  0.943 seconds
Platform modules already initialized, skipping
Refreshing native plugins compatible for Editor in 0.41 ms, found 0 plugins.
Preloading 0 native plugins for Editor in 0.00 ms.
Unloading 1137 Unused Serialized files (Serialized files now loaded: 0)
System memory in use before: 82.6 MB.
System memory in use after: 82.6 MB.

Unloading 6 unused Assets to reduce memory usage. Loaded Objects now: 1834.
Total: 2.475300 ms (FindLiveObjects: 0.604700 ms CreateObjectMapping: 0.091000 ms MarkObjects: 1.648700 ms  DeleteObjects: 0.129800 ms)

AssetImportWorkerClient::OnTransportError - code=2 error=End of file
